{"logTime": "0103/181934", "correlationVector":"GdVkYGXQZ7whWnuj8L78ku.1","action":"SyncServerConnectionManagerRequest", "result":"SYNC_SERVER_OK", "context":{"environment":"Prod_eastasia_prod-s01-034-apac-eastasia", "migrationStage":"NotStarted", "server":"akswtt00300001g"}}
{"logTime": "0103/181935", "correlationVector":"RctuCDDGI4zLKGRVO9UWyF","action":"SyncServerConnectionManagerRequest", "result":"SYNC_SERVER_OK", "context":{"environment":"", "migrationStage":"", "server":""}}
{"logTime": "0103/181935", "correlationVector":"GdVkYGXQZ7whWnuj8L78ku","action":"Initial GetUpdates", "result":"", "context":Reason: NEW_CLIENT. cV=GdVkYGXQZ7whWnuj8L78ku}
{"logTime": "0103/181935", "correlationVector":"GdVkYGXQZ7whWnuj8L78ku.2","action":"GetUpdates Response", "result":"Success", "context":Received 1 update(s). cV=GdVkYGXQZ7whWnuj8L78ku.0;server=akswtt00300001g;cloudType=Consumer;environment=Prod_eastasia_prod-s01-034-apac-eastasia;migrationStage=NotStarted}
{"logTime": "0103/181935", "correlationVector":"2+qFGOTjtsLfDhIOZtEEkW","action":"Initial GetUpdates", "result":"", "context":Reason: NEWLY_SUPPORTED_DATATYPE. cV=2+qFGOTjtsLfDhIOZtEEkW}
{"logTime": "0103/181935", "correlationVector":"2+qFGOTjtsLfDhIOZtEEkW.1","action":"SyncServerConnectionManagerRequest", "result":"SYNC_SERVER_OK", "context":{"environment":"Prod_eastasia_prod-s01-034-apac-eastasia", "migrationStage":"NotStarted", "server":"akswtt00300001e"}}
{"logTime": "0103/181935", "correlationVector":"2+qFGOTjtsLfDhIOZtEEkW.2","action":"GetUpdates", "result":"DeleteReceived", "context":{"id":"4ef0e855-83a2-4a39-a2cb-167ed8583c39", "isDeleted:":"true", "version":"1712120307709"}}
{"logTime": "0103/181935", "correlationVector":"2+qFGOTjtsLfDhIOZtEEkW.3","action":"GetUpdates", "result":"DeleteReceived", "context":{"id":"e096c9c3-58f1-4fa8-be3a-10d589c212b7", "isDeleted:":"true", "version":"1712120381151"}}
{"logTime": "0103/181935", "correlationVector":"2+qFGOTjtsLfDhIOZtEEkW.4","action":"GetUpdates Response", "result":"Success", "context":Received 124 update(s). cV=2+qFGOTjtsLfDhIOZtEEkW.0;server=akswtt00300001e;cloudType=Consumer;environment=Prod_eastasia_prod-s01-034-apac-eastasia;migrationStage=NotStarted}
{"logTime": "0103/181935", "correlationVector":"H3aFXrgzfVx9cRr02LqSvG","action":"Initial GetUpdates", "result":"", "context":Reason: NEWLY_SUPPORTED_DATATYPE. cV=H3aFXrgzfVx9cRr02LqSvG}
{"logTime": "0103/181936", "correlationVector":"H3aFXrgzfVx9cRr02LqSvG.1","action":"SyncServerConnectionManagerRequest", "result":"SYNC_SERVER_OK", "context":{"environment":"Prod_eastasia_prod-s01-034-apac-eastasia", "migrationStage":"NotStarted", "server":"akswtt003000014"}}
{"logTime": "0103/181936", "correlationVector":"H3aFXrgzfVx9cRr02LqSvG.2","action":"GetUpdates Response", "result":"Success", "context":Received 10 update(s). cV=H3aFXrgzfVx9cRr02LqSvG.0;server=akswtt003000014;cloudType=Consumer;environment=Prod_eastasia_prod-s01-034-apac-eastasia;migrationStage=NotStarted}
{"logTime": "0103/181936", "correlationVector":"SIROSWhFaAwP2pIQrpg73m","action":"Initial GetUpdates", "result":"", "context":Reason: NEWLY_SUPPORTED_DATATYPE. cV=SIROSWhFaAwP2pIQrpg73m}
{"logTime": "0103/181936", "correlationVector":"SIROSWhFaAwP2pIQrpg73m.1","action":"SyncServerConnectionManagerRequest", "result":"SYNC_SERVER_OK", "context":{"environment":"Prod_eastasia_prod-s01-034-apac-eastasia", "migrationStage":"NotStarted", "server":"akswtt00300001g"}}
{"logTime": "0103/181936", "correlationVector":"SIROSWhFaAwP2pIQrpg73m.2","action":"GetUpdates", "result":"DeleteReceived", "context":{"id":"10b33216-e4f6-40f2-a726-77eab2cd0661", "isDeleted:":"true", "version":"1728926547931"}}
{"logTime": "0103/181936", "correlationVector":"SIROSWhFaAwP2pIQrpg73m.3","action":"GetUpdates", "result":"DeleteReceived", "context":{"id":"78b6d6a8-6b27-40f8-8aa0-266d9cf8b11c", "isDeleted:":"true", "version":"1729046194940"}}
{"logTime": "0103/181936", "correlationVector":"SIROSWhFaAwP2pIQrpg73m.4","action":"GetUpdates", "result":"DeleteReceived", "context":{"id":"939d446f-0816-4fc2-b7ec-1c6db32da3f4", "isDeleted:":"true", "version":"1729362648671"}}
{"logTime": "0103/181936", "correlationVector":"SIROSWhFaAwP2pIQrpg73m.5","action":"GetUpdates", "result":"DeleteReceived", "context":{"id":"89bcb3bf-7f29-4826-8eb9-ed2442a631fa", "isDeleted:":"true", "version":"1729555744706"}}
{"logTime": "0103/181936", "correlationVector":"SIROSWhFaAwP2pIQrpg73m.6","action":"GetUpdates", "result":"DeleteReceived", "context":{"id":"c218982b-b638-4b7b-a94e-4b0f43fb3f90", "isDeleted:":"true", "version":"1729622035673"}}
{"logTime": "0103/181936", "correlationVector":"SIROSWhFaAwP2pIQrpg73m.7","action":"GetUpdates", "result":"DeleteReceived", "context":{"id":"7e042f86-14c8-475e-8e9b-c991da30ea1a", "isDeleted:":"true", "version":"1730296949519"}}
{"logTime": "0103/181936", "correlationVector":"SIROSWhFaAwP2pIQrpg73m.8","action":"GetUpdates", "result":"DeleteReceived", "context":{"id":"9df60095-ad68-47c5-936e-a7ccc736096a", "isDeleted:":"true", "version":"1730658071314"}}
{"logTime": "0103/181936", "correlationVector":"SIROSWhFaAwP2pIQrpg73m.9","action":"GetUpdates", "result":"DeleteReceived", "context":{"id":"878cdd1e-5d64-433b-b327-6f5053219315", "isDeleted:":"true", "version":"1730658323084"}}
{"logTime": "0103/181936", "correlationVector":"SIROSWhFaAwP2pIQrpg73m.10","action":"GetUpdates", "result":"DeleteReceived", "context":{"id":"9b7ad23e-aad4-4371-883c-cad448ec96c2", "isDeleted:":"true", "version":"1730658525039"}}
{"logTime": "0103/181936", "correlationVector":"SIROSWhFaAwP2pIQrpg73m.11","action":"GetUpdates", "result":"DeleteReceived", "context":{"id":"ee4ef81a-8bb4-4d87-990e-0e3c2cb549a3", "isDeleted:":"true", "version":"1730658751176"}}
{"logTime": "0103/181936", "correlationVector":"SIROSWhFaAwP2pIQrpg73m.12","action":"GetUpdates", "result":"DeleteReceived", "context":{"id":"63123b93-5fea-4918-940d-6045f3a81a4b", "isDeleted:":"true", "version":"1730659048414"}}
{"logTime": "0103/181936", "correlationVector":"SIROSWhFaAwP2pIQrpg73m.13","action":"GetUpdates", "result":"DeleteReceived", "context":{"id":"c79b445f-033b-4b9b-b3ca-6f65960e78f0", "isDeleted:":"true", "version":"1730659217533"}}
{"logTime": "0103/181936", "correlationVector":"SIROSWhFaAwP2pIQrpg73m.14","action":"GetUpdates", "result":"DeleteReceived", "context":{"id":"fdf3d29a-6992-461b-b77f-7d389c46f4d8", "isDeleted:":"true", "version":"1730659344929"}}
{"logTime": "0103/181936", "correlationVector":"SIROSWhFaAwP2pIQrpg73m.15","action":"GetUpdates", "result":"DeleteReceived", "context":{"id":"5e3ba133-8670-484d-b515-fb4a78d20bb8", "isDeleted:":"true", "version":"1731675146037"}}
{"logTime": "0103/181936", "correlationVector":"SIROSWhFaAwP2pIQrpg73m.16","action":"GetUpdates", "result":"DeleteReceived", "context":{"id":"02fdc84b-5b95-4902-95f8-8a9f837f70f9", "isDeleted:":"true", "version":"1731675146038"}}
{"logTime": "0103/181936", "correlationVector":"SIROSWhFaAwP2pIQrpg73m.17","action":"GetUpdates", "result":"DeleteReceived", "context":{"id":"efa88a36-9628-4e74-8cc2-df8bd599b494", "isDeleted:":"true", "version":"1731688539411"}}
{"logTime": "0103/181936", "correlationVector":"SIROSWhFaAwP2pIQrpg73m.18","action":"GetUpdates", "result":"DeleteReceived", "context":{"id":"19cf567b-a56a-4df2-8e39-6193ecde61aa", "isDeleted:":"true", "version":"1731698963727"}}
{"logTime": "0103/181936", "correlationVector":"SIROSWhFaAwP2pIQrpg73m.19","action":"GetUpdates", "result":"DeleteReceived", "context":{"id":"d9706378-723f-4ef4-8873-a8be1589c6f9", "isDeleted:":"true", "version":"1732286575490"}}
{"logTime": "0103/181936", "correlationVector":"SIROSWhFaAwP2pIQrpg73m.20","action":"GetUpdates", "result":"DeleteReceived", "context":{"id":"f97d18d9-6d1f-4bb5-934f-3932256de203", "isDeleted:":"true", "version":"1732540000164"}}
{"logTime": "0103/181936", "correlationVector":"SIROSWhFaAwP2pIQrpg73m.21","action":"GetUpdates", "result":"DeleteReceived", "context":{"id":"b0ccac39-3002-4c34-8871-33c8679115c4", "isDeleted:":"true", "version":"1732848125424"}}
{"logTime": "0103/181936", "correlationVector":"SIROSWhFaAwP2pIQrpg73m.22","action":"GetUpdates", "result":"DeleteReceived", "context":{"id":"0eea2045-6266-427a-a69c-08e52f6c8264", "isDeleted:":"true", "version":"1732988438829"}}
{"logTime": "0103/181936", "correlationVector":"SIROSWhFaAwP2pIQrpg73m.23","action":"GetUpdates", "result":"DeleteReceived", "context":{"id":"459ca73e-f709-4a9f-a4b8-bace73f21922", "isDeleted:":"true", "version":"1732988438830"}}
{"logTime": "0103/181936", "correlationVector":"SIROSWhFaAwP2pIQrpg73m.24","action":"GetUpdates", "result":"DeleteReceived", "context":{"id":"3a1e0342-573d-4c7e-883c-debdb45abd24", "isDeleted:":"true", "version":"1732988668537"}}
{"logTime": "0103/181936", "correlationVector":"SIROSWhFaAwP2pIQrpg73m.25","action":"GetUpdates", "result":"DeleteReceived", "context":{"id":"5043d05f-d024-4769-9f1d-ed438a250d70", "isDeleted:":"true", "version":"1733502557532"}}
{"logTime": "0103/181936", "correlationVector":"SIROSWhFaAwP2pIQrpg73m.26","action":"GetUpdates", "result":"DeleteReceived", "context":{"id":"cac350f9-ba38-40f5-a271-e81264c6915a", "isDeleted:":"true", "version":"1733502557533"}}
{"logTime": "0103/181936", "correlationVector":"SIROSWhFaAwP2pIQrpg73m.27","action":"GetUpdates", "result":"DeleteReceived", "context":{"id":"699be0d6-8165-4fa8-bbaf-213810b504f9", "isDeleted:":"true", "version":"1733502557534"}}
{"logTime": "0103/181936", "correlationVector":"SIROSWhFaAwP2pIQrpg73m.28","action":"GetUpdates", "result":"DeleteReceived", "context":{"id":"64e89fc9-3dac-4fe9-954e-18005144dfd8", "isDeleted:":"true", "version":"1733502557535"}}
{"logTime": "0103/181936", "correlationVector":"SIROSWhFaAwP2pIQrpg73m.29","action":"GetUpdates", "result":"DeleteReceived", "context":{"id":"6fa52375-78a9-499f-8716-c06e29c5f017", "isDeleted:":"true", "version":"1733502557536"}}
{"logTime": "0103/181936", "correlationVector":"SIROSWhFaAwP2pIQrpg73m.30","action":"GetUpdates", "result":"DeleteReceived", "context":{"id":"5ab1d24c-5e7c-43ea-89c2-351453a7f876", "isDeleted:":"true", "version":"1733502557537"}}
{"logTime": "0103/181936", "correlationVector":"SIROSWhFaAwP2pIQrpg73m.31","action":"GetUpdates", "result":"DeleteReceived", "context":{"id":"0359a49b-7a2d-482f-9284-7a2080e36864", "isDeleted:":"true", "version":"1733507518649"}}
{"logTime": "0103/181936", "correlationVector":"SIROSWhFaAwP2pIQrpg73m.32","action":"GetUpdates", "result":"DeleteReceived", "context":{"id":"93efb8e0-8cfe-46d1-af37-efa7353ef0a1", "isDeleted:":"true", "version":"1733514294665"}}
{"logTime": "0103/181936", "correlationVector":"SIROSWhFaAwP2pIQrpg73m.33","action":"GetUpdates", "result":"DeleteReceived", "context":{"id":"3385817e-f7bc-4c55-b056-f2a13ced059c", "isDeleted:":"true", "version":"1733514294666"}}
{"logTime": "0103/181936", "correlationVector":"SIROSWhFaAwP2pIQrpg73m.34","action":"GetUpdates", "result":"DeleteReceived", "context":{"id":"b5a2c1f8-cce6-445d-a5f2-2f91ee675ef4", "isDeleted:":"true", "version":"1733672342864"}}
{"logTime": "0103/181936", "correlationVector":"SIROSWhFaAwP2pIQrpg73m.35","action":"GetUpdates", "result":"DeleteReceived", "context":{"id":"8aa8bc6d-b101-4d83-aa87-7ef6d3364697", "isDeleted:":"true", "version":"1733826067316"}}
{"logTime": "0103/181936", "correlationVector":"SIROSWhFaAwP2pIQrpg73m.36","action":"GetUpdates", "result":"DeleteReceived", "context":{"id":"f7959bfa-7420-41b3-abac-4c4ab89e5140", "isDeleted:":"true", "version":"1733906102030"}}
{"logTime": "0103/181936", "correlationVector":"SIROSWhFaAwP2pIQrpg73m.37","action":"GetUpdates", "result":"DeleteReceived", "context":{"id":"f9832271-ed63-4d5a-8574-1d7fc38f1031", "isDeleted:":"true", "version":"1733931496434"}}
{"logTime": "0103/181936", "correlationVector":"SIROSWhFaAwP2pIQrpg73m.38","action":"GetUpdates", "result":"DeleteReceived", "context":{"id":"69a9fdec-5fcb-4e8c-b80c-30339725e95a", "isDeleted:":"true", "version":"1733931496435"}}
{"logTime": "0103/181936", "correlationVector":"SIROSWhFaAwP2pIQrpg73m.39","action":"GetUpdates", "result":"DeleteReceived", "context":{"id":"daa8310a-c3c8-44d1-ae35-5bbdeb6d993d", "isDeleted:":"true", "version":"1733934306679"}}
{"logTime": "0103/181936", "correlationVector":"SIROSWhFaAwP2pIQrpg73m.40","action":"GetUpdates", "result":"DeleteReceived", "context":{"id":"091ac7e7-8167-486a-b7f4-228acf79aa4a", "isDeleted:":"true", "version":"1733935690630"}}
{"logTime": "0103/181936", "correlationVector":"SIROSWhFaAwP2pIQrpg73m.41","action":"GetUpdates", "result":"DeleteReceived", "context":{"id":"2556e118-809b-4387-b5a0-3e8f2a77ed25", "isDeleted:":"true", "version":"1734414121210"}}
{"logTime": "0103/181936", "correlationVector":"SIROSWhFaAwP2pIQrpg73m.42","action":"GetUpdates", "result":"DeleteReceived", "context":{"id":"c26f5307-5634-42bc-88b0-8941fcc69037", "isDeleted:":"true", "version":"1734415096100"}}
{"logTime": "0103/181936", "correlationVector":"SIROSWhFaAwP2pIQrpg73m.43","action":"GetUpdates", "result":"DeleteReceived", "context":{"id":"2ea0c162-7296-42fc-819e-d33656132ef2", "isDeleted:":"true", "version":"1734415918477"}}
{"logTime": "0103/181936", "correlationVector":"SIROSWhFaAwP2pIQrpg73m.44","action":"GetUpdates", "result":"DeleteReceived", "context":{"id":"83a3bb5d-9860-4ada-87fa-ef1276489789", "isDeleted:":"true", "version":"1734960056202"}}
{"logTime": "0103/181936", "correlationVector":"SIROSWhFaAwP2pIQrpg73m.45","action":"GetUpdates", "result":"DeleteReceived", "context":{"id":"b3c083a0-227c-4bdc-9f05-e67641543646", "isDeleted:":"true", "version":"1735134607491"}}
{"logTime": "0103/181936", "correlationVector":"SIROSWhFaAwP2pIQrpg73m.46","action":"GetUpdates", "result":"DeleteReceived", "context":{"id":"736f9f19-b5b1-49a0-ba33-c629b89f12c7", "isDeleted:":"true", "version":"1735238350476"}}
{"logTime": "0103/181936", "correlationVector":"SIROSWhFaAwP2pIQrpg73m.47","action":"GetUpdates", "result":"DeleteReceived", "context":{"id":"bb5e48cf-fd6b-4721-8e32-590193813203", "isDeleted:":"true", "version":"1735238350478"}}
{"logTime": "0103/181936", "correlationVector":"SIROSWhFaAwP2pIQrpg73m.48","action":"GetUpdates", "result":"DeleteReceived", "context":{"id":"a74de293-63d1-4f3f-88c4-74d17da4d0ff", "isDeleted:":"true", "version":"1735583280374"}}
{"logTime": "0103/181936", "correlationVector":"SIROSWhFaAwP2pIQrpg73m.49","action":"GetUpdates", "result":"DeleteReceived", "context":{"id":"60043e2c-f822-43a7-84cd-9a17030c8ddc", "isDeleted:":"true", "version":"1735583280375"}}
{"logTime": "0103/181936", "correlationVector":"SIROSWhFaAwP2pIQrpg73m.50","action":"GetUpdates", "result":"DeleteReceived", "context":{"id":"47945300-c54f-4bcb-8ffe-8dc2a21c2901", "isDeleted:":"true", "version":"1735584396094"}}
{"logTime": "0103/181936", "correlationVector":"SIROSWhFaAwP2pIQrpg73m.51","action":"GetUpdates", "result":"DeleteReceived", "context":{"id":"2fdbb561-4ab5-4221-bbbb-ac19d14084a4", "isDeleted:":"true", "version":"1735738288178"}}
{"logTime": "0103/181936", "correlationVector":"SIROSWhFaAwP2pIQrpg73m.52","action":"GetUpdates", "result":"DeleteReceived", "context":{"id":"c3e6ecf2-a71c-4fb5-9270-d29db37d020d", "isDeleted:":"true", "version":"1735763955303"}}
{"logTime": "0103/181936", "correlationVector":"SIROSWhFaAwP2pIQrpg73m.53","action":"GetUpdates", "result":"DeleteReceived", "context":{"id":"a8d1660a-400e-40e8-8f52-092e2c2b5f7f", "isDeleted:":"true", "version":"1732285707987"}}
{"logTime": "0103/181936", "correlationVector":"SIROSWhFaAwP2pIQrpg73m.54","action":"GetUpdates", "result":"DeleteReceived", "context":{"id":"3b9dbe3a-a84d-4f5c-8081-6a81b41ebc6a", "isDeleted:":"true", "version":"1732285707988"}}
{"logTime": "0103/181936", "correlationVector":"SIROSWhFaAwP2pIQrpg73m.55","action":"GetUpdates", "result":"DeleteReceived", "context":{"id":"78b68c7f-7689-49e4-99aa-01462e43981f", "isDeleted:":"true", "version":"1732285707989"}}
{"logTime": "0103/181936", "correlationVector":"SIROSWhFaAwP2pIQrpg73m.56","action":"GetUpdates", "result":"DeleteReceived", "context":{"id":"7d3a0c12-dd51-4d9c-966d-fede6d4a7658", "isDeleted:":"true", "version":"1732285707990"}}
{"logTime": "0103/181936", "correlationVector":"SIROSWhFaAwP2pIQrpg73m.57","action":"GetUpdates", "result":"DeleteReceived", "context":{"id":"ad269f97-878d-4ad0-b854-1023b5c58a02", "isDeleted:":"true", "version":"1732285707991"}}
{"logTime": "0103/181936", "correlationVector":"SIROSWhFaAwP2pIQrpg73m.58","action":"GetUpdates", "result":"DeleteReceived", "context":{"id":"7607c1ea-f9f4-408b-96a8-67ab7b48ea8c", "isDeleted:":"true", "version":"1732285707992"}}
{"logTime": "0103/181936", "correlationVector":"SIROSWhFaAwP2pIQrpg73m.59","action":"GetUpdates", "result":"DeleteReceived", "context":{"id":"a8a6063e-ae0d-4ca6-a9b1-c37d35cdc3dc", "isDeleted:":"true", "version":"1732285707993"}}
{"logTime": "0103/181936", "correlationVector":"SIROSWhFaAwP2pIQrpg73m.60","action":"GetUpdates", "result":"DeleteReceived", "context":{"id":"91df23b0-afce-4b1d-bcd3-08edfb8fad12", "isDeleted:":"true", "version":"1733502557538"}}
{"logTime": "0103/181936", "correlationVector":"SIROSWhFaAwP2pIQrpg73m.61","action":"GetUpdates Response", "result":"Success", "context":Received 118 update(s). cV=SIROSWhFaAwP2pIQrpg73m.0;server=akswtt00300001g;cloudType=Consumer;environment=Prod_eastasia_prod-s01-034-apac-eastasia;migrationStage=NotStarted}
{"logTime": "0103/181936", "correlationVector":"Km6svLwfj3Ke89J/vWuCC4","action":"Normal GetUpdate request", "result":"", "context":cV=Km6svLwfj3Ke89J/vWuCC4
Nudged types: Sessions, Device Info, User Consents
Refresh requested types: Bookmarks, Preferences, Passwords, Autofill Profiles, Autofill, Typed URLs, Extensions, Sessions, Extension settings, History Delete Directives, Device Info, User Consents, Send Tab To Self, Web Apps, Collection, Edge E Drop, Edge Hub App Usage, Edge Tab Group, Edge Wallet, Encryption Keys}
{"logTime": "0103/181937", "correlationVector":"Km6svLwfj3Ke89J/vWuCC4.1","action":"SyncServerConnectionManagerRequest", "result":"SYNC_SERVER_OK", "context":{"environment":"Prod_eastasia_prod-s01-034-apac-eastasia", "migrationStage":"NotStarted", "server":"akswtt00300004y"}}
{"logTime": "0103/181937", "correlationVector":"Km6svLwfj3Ke89J/vWuCC4.2","action":"GetUpdates Response", "result":"Success", "context":Received 0 update(s). cV=Km6svLwfj3Ke89J/vWuCC4.0;server=akswtt00300004y;cloudType=Consumer;environment=Prod_eastasia_prod-s01-034-apac-eastasia;migrationStage=NotStarted}
{"logTime": "0103/181937", "correlationVector":"afQnL6/iOUeYkdZJi6HcKP","action":"DoCompareDataConsistency requsted types: ", "result":"Bookmarks, Preferences, Passwords, Typed URLs, Extensions, Extension settings, History Delete Directives, Send Tab To Self, Web Apps, Collection, Edge E Drop, Edge Tab Group, Edge Wallet, Encryption Keys"}
{"logTime": "0103/181937", "correlationVector":"afQnL6/iOUeYkdZJi6HcKP.0","action":"CompareDataConsistency result: ", "result":"Compare result: Encryption Keys is consistent. local entities count is: 1 local entities hash is: UrIQLPQFNNvizsfuNAa+U7jhaGs="}
{"logTime": "0103/181937", "correlationVector":"afQnL6/iOUeYkdZJi6HcKP.1","action":"CompareDataConsistency result: ", "result":"Compare result: Bookmarks is consistent. local entities count is: 8 local entities hash is: 4PdPNyUE8akaeCaqRU4Ii9XYWlU="}
{"logTime": "0103/181937", "correlationVector":"afQnL6/iOUeYkdZJi6HcKP.2","action":"CompareDataConsistency result: ", "result":"Compare result: Preferences is consistent. local entities count is: 64 local entities hash is: dQU2fgegqa78SZxwiEYJiGLlnmQ="}
{"logTime": "0103/181937", "correlationVector":"afQnL6/iOUeYkdZJi6HcKP.3","action":"CompareDataConsistency result: ", "result":"Server did not send this Typed URLs local entities count is: 2 local entities hash is: aI5+PijUrbI51/lPJ1pp9dO8hYU="}
{"logTime": "0103/181937", "correlationVector":"afQnL6/iOUeYkdZJi6HcKP.4","action":"CompareDataConsistency result: ", "result":"Compare result: Extensions is consistent. local entities count is: 1 local entities hash is: RQoMe2Er+n2frIkNoSA1gei8ytQ="}
{"logTime": "0103/181937", "correlationVector":"afQnL6/iOUeYkdZJi6HcKP.5","action":"CompareDataConsistency result: ", "result":"Compare result: Extension settings is consistent. local entities count is: 0 local entities hash is: "}
{"logTime": "0103/181937", "correlationVector":"afQnL6/iOUeYkdZJi6HcKP.6","action":"CompareDataConsistency result: ", "result":"Compare result: History Delete Directives is consistent. local entities count is: 0 local entities hash is: "}
{"logTime": "0103/181937", "correlationVector":"afQnL6/iOUeYkdZJi6HcKP.7","action":"CompareDataConsistency result: ", "result":"Server did not send this Send Tab To Self local entities count is: 0 local entities hash is: "}
{"logTime": "0103/181937", "correlationVector":"afQnL6/iOUeYkdZJi6HcKP.8","action":"CompareDataConsistency result: ", "result":"Compare result: Web Apps is consistent. local entities count is: 0 local entities hash is: "}
{"logTime": "0103/181937", "correlationVector":"afQnL6/iOUeYkdZJi6HcKP.9","action":"CompareDataConsistency result: ", "result":"Compare result: Collection is consistent. local entities count is: 0 local entities hash is: "}
{"logTime": "0103/181937", "correlationVector":"afQnL6/iOUeYkdZJi6HcKP.10","action":"CompareDataConsistency result: ", "result":"Compare result: Edge E Drop is consistent. local entities count is: 0 local entities hash is: "}
{"logTime": "0103/181937", "correlationVector":"afQnL6/iOUeYkdZJi6HcKP.11","action":"CompareDataConsistency result: ", "result":"Compare result: Edge Tab Group is consistent. local entities count is: 0 local entities hash is: "}
{"logTime": "0103/181937", "correlationVector":"afQnL6/iOUeYkdZJi6HcKP.12","action":"CompareDataConsistency result: ", "result":"Compare result: Edge Wallet is consistent. local entities count is: 0 local entities hash is: "}
{"logTime": "0103/181937", "correlationVector":"afQnL6/iOUeYkdZJi6HcKP.13","action":"CompareDataConsistency result: ", "result":"Compare result: Passwords is consistent. local entities count is: 21 local entities hash is: bF971CWhzfP2YLmQCjvXOZK+Nqw="}
{"logTime": "0103/181937", "correlationVector":"KNu8yDIUrSiP2xeoEaff3q","action":"Commit Request", "result":"", "context":Item count: 5
Contributing types: Sessions, Device Info, User Consents}
{"logTime": "0103/181939", "correlationVector":"KNu8yDIUrSiP2xeoEaff3q.1","action":"SyncServerConnectionManagerRequest", "result":"SYNC_SERVER_OK", "context":{"environment":"Prod_eastasia_prod-s01-034-apac-eastasia", "migrationStage":"NotStarted", "server":"akswtt003000032"}}
{"logTime": "0103/181939", "correlationVector":"KNu8yDIUrSiP2xeoEaff3q.2","action":"Commit Response", "result":"Success", "context":Result: Success. cV=KNu8yDIUrSiP2xeoEaff3q.0;server=akswtt003000032;cloudType=Consumer;environment=Prod_eastasia_prod-s01-034-apac-eastasia;migrationStage=NotStarted}
{"logTime": "0103/181939", "correlationVector":"","action":"DIAGNOSTIC_REQUEST|v1/diagnosticData/Diagnostic.SendCheckResult()|SUCCESS", "result":""}
{"logTime": "0103/182010", "correlationVector":"Woniux9iRqU9JVANM4PnsW","action":"Commit Request", "result":"", "context":Item count: 1
Contributing types: Sessions}
{"logTime": "0103/182011", "correlationVector":"Woniux9iRqU9JVANM4PnsW.1","action":"SyncServerConnectionManagerRequest", "result":"SYNC_SERVER_OK", "context":{"environment":"Prod_eastasia_prod-s01-034-apac-eastasia", "migrationStage":"NotStarted", "server":"akswtt00300002x"}}
{"logTime": "0103/182011", "correlationVector":"Woniux9iRqU9JVANM4PnsW.2","action":"Commit Response", "result":"Success", "context":Result: Success. cV=Woniux9iRqU9JVANM4PnsW.0;server=akswtt00300002x;cloudType=Consumer;environment=Prod_eastasia_prod-s01-034-apac-eastasia;migrationStage=NotStarted}
{"logTime": "0103/182218", "correlationVector":"Jw5RH0j3xHAAffztljfj82","action":"Commit Request", "result":"", "context":Item count: 1
Contributing types: Sessions}
{"logTime": "0103/182219", "correlationVector":"Jw5RH0j3xHAAffztljfj82.1","action":"SyncServerConnectionManagerRequest", "result":"SYNC_SERVER_OK", "context":{"environment":"Prod_eastasia_prod-s01-034-apac-eastasia", "migrationStage":"NotStarted", "server":"akswtt00300001m"}}
{"logTime": "0103/182219", "correlationVector":"Jw5RH0j3xHAAffztljfj82.2","action":"Commit Response", "result":"Success", "context":Result: Success. cV=Jw5RH0j3xHAAffztljfj82.0;server=akswtt00300001m;cloudType=Consumer;environment=Prod_eastasia_prod-s01-034-apac-eastasia;migrationStage=NotStarted}
{"logTime": "0103/182323", "correlationVector":"OJtO82IqP9mM3mxkekjK5V","action":"Commit Request", "result":"", "context":Item count: 1
Contributing types: Sessions}
{"logTime": "0103/182323", "correlationVector":"OJtO82IqP9mM3mxkekjK5V.1","action":"SyncServerConnectionManagerRequest", "result":"SYNC_SERVER_OK", "context":{"environment":"Prod_eastasia_prod-s01-034-apac-eastasia", "migrationStage":"NotStarted", "server":"akswtt00300000j"}}
{"logTime": "0103/182323", "correlationVector":"OJtO82IqP9mM3mxkekjK5V.2","action":"Commit Response", "result":"Success", "context":Result: Success. cV=OJtO82IqP9mM3mxkekjK5V.0;server=akswtt00300000j;cloudType=Consumer;environment=Prod_eastasia_prod-s01-034-apac-eastasia;migrationStage=NotStarted}
{"logTime": "0103/182432", "correlationVector":"YfYuWHwORiP0UlLajHOulp","action":"Normal GetUpdate request", "result":"", "context":cV=YfYuWHwORiP0UlLajHOulp
Refresh requested types: Bookmarks, Preferences, Passwords, Autofill Profiles, Autofill, Typed URLs, Extensions, Sessions, Extension settings, History Delete Directives, Device Info, User Consents, Send Tab To Self, Web Apps, Collection, Edge E Drop, Edge Hub App Usage, Edge Tab Group, Edge Wallet, Encryption Keys}
{"logTime": "0103/182432", "correlationVector":"YfYuWHwORiP0UlLajHOulp.1","action":"SyncServerConnectionManagerRequest", "result":"SYNC_SERVER_OK", "context":{"environment":"Prod_eastasia_prod-s01-034-apac-eastasia", "migrationStage":"NotStarted", "server":"akswtt003000006"}}
{"logTime": "0103/182432", "correlationVector":"YfYuWHwORiP0UlLajHOulp.2","action":"GetUpdates Response", "result":"Success", "context":Received 3 update(s). cV=YfYuWHwORiP0UlLajHOulp.0;server=akswtt003000006;cloudType=Consumer;environment=Prod_eastasia_prod-s01-034-apac-eastasia;migrationStage=NotStarted}
{"logTime": "0103/191942", "correlationVector":"JXw+X9XoIzfs/0KxYVaJrc","action":"Commit Request", "result":"", "context":Item count: 1
Contributing types: Sessions}
{"logTime": "0103/191943", "correlationVector":"JXw+X9XoIzfs/0KxYVaJrc.1","action":"SyncServerConnectionManagerRequest", "result":"SYNC_SERVER_OK", "context":{"environment":"Prod_eastasia_prod-s01-034-apac-eastasia", "migrationStage":"NotStarted", "server":"akswtt00300003o"}}
{"logTime": "0103/191943", "correlationVector":"JXw+X9XoIzfs/0KxYVaJrc.2","action":"Commit Response", "result":"Success", "context":Result: Success. cV=JXw+X9XoIzfs/0KxYVaJrc.0;server=akswtt00300003o;cloudType=Consumer;environment=Prod_eastasia_prod-s01-034-apac-eastasia;migrationStage=NotStarted}
{"logTime": "0103/192223", "correlationVector":"c9NzrbNGlB7VfEQoGfF16v","action":"Commit Request", "result":"", "context":Item count: 2
Contributing types: Passwords, Sessions}
{"logTime": "0103/192224", "correlationVector":"c9NzrbNGlB7VfEQoGfF16v.1","action":"SyncServerConnectionManagerRequest", "result":"SYNC_SERVER_OK", "context":{"environment":"Prod_eastasia_prod-s01-034-apac-eastasia", "migrationStage":"NotStarted", "server":"akswtt00300002v"}}
{"logTime": "0103/192224", "correlationVector":"c9NzrbNGlB7VfEQoGfF16v.2","action":"Commit Response", "result":"Success", "context":Result: Success. cV=c9NzrbNGlB7VfEQoGfF16v.0;server=akswtt00300002v;cloudType=Consumer;environment=Prod_eastasia_prod-s01-034-apac-eastasia;migrationStage=NotStarted}
{"logTime": "0103/192247", "correlationVector":"nJ74jz8gkuALCD2z+ZPaK/","action":"Commit Request", "result":"", "context":Item count: 1
Contributing types: Passwords}
{"logTime": "0103/192248", "correlationVector":"nJ74jz8gkuALCD2z+ZPaK/.1","action":"SyncServerConnectionManagerRequest", "result":"SYNC_SERVER_OK", "context":{"environment":"Prod_eastasia_prod-s01-034-apac-eastasia", "migrationStage":"NotStarted", "server":"akswtt00300002n"}}
{"logTime": "0103/192248", "correlationVector":"nJ74jz8gkuALCD2z+ZPaK/.2","action":"Commit Response", "result":"Success", "context":Result: Success. cV=nJ74jz8gkuALCD2z+ZPaK/.0;server=akswtt00300002n;cloudType=Consumer;environment=Prod_eastasia_prod-s01-034-apac-eastasia;migrationStage=NotStarted}
{"logTime": "0103/192639", "correlationVector":"+6c7Aq3aMVNYzxmsx03D4s","action":"Commit Request", "result":"", "context":Item count: 1
Contributing types: Sessions}
{"logTime": "0103/192640", "correlationVector":"+6c7Aq3aMVNYzxmsx03D4s.1","action":"SyncServerConnectionManagerRequest", "result":"SYNC_SERVER_OK", "context":{"environment":"Prod_eastasia_prod-s01-034-apac-eastasia", "migrationStage":"NotStarted", "server":"akswtt003000014"}}
{"logTime": "0103/192640", "correlationVector":"+6c7Aq3aMVNYzxmsx03D4s.2","action":"Commit Response", "result":"Success", "context":Result: Success. cV=+6c7Aq3aMVNYzxmsx03D4s.0;server=akswtt003000014;cloudType=Consumer;environment=Prod_eastasia_prod-s01-034-apac-eastasia;migrationStage=NotStarted}
{"logTime": "0103/192757", "correlationVector":"JHTGpnCpofW6msbOXsYD+K","action":"Commit Request", "result":"", "context":Item count: 2
Contributing types: Passwords, Sessions}
{"logTime": "0103/192758", "correlationVector":"JHTGpnCpofW6msbOXsYD+K.1","action":"SyncServerConnectionManagerRequest", "result":"SYNC_SERVER_OK", "context":{"environment":"Prod_eastasia_prod-s01-034-apac-eastasia", "migrationStage":"NotStarted", "server":"akswtt00300001w"}}
{"logTime": "0103/192758", "correlationVector":"JHTGpnCpofW6msbOXsYD+K.2","action":"Commit Response", "result":"Success", "context":Result: Success. cV=JHTGpnCpofW6msbOXsYD+K.0;server=akswtt00300001w;cloudType=Consumer;environment=Prod_eastasia_prod-s01-034-apac-eastasia;migrationStage=NotStarted}
{"logTime": "0103/192820", "correlationVector":"cveaOQHLXevWt4BmxOfS77","action":"Commit Request", "result":"", "context":Item count: 1
Contributing types: Passwords}
{"logTime": "0103/192821", "correlationVector":"cveaOQHLXevWt4BmxOfS77.1","action":"SyncServerConnectionManagerRequest", "result":"SYNC_SERVER_OK", "context":{"environment":"Prod_eastasia_prod-s01-034-apac-eastasia", "migrationStage":"NotStarted", "server":"akswtt00300000c"}}
{"logTime": "0103/192821", "correlationVector":"cveaOQHLXevWt4BmxOfS77.2","action":"Commit Response", "result":"Success", "context":Result: Success. cV=cveaOQHLXevWt4BmxOfS77.0;server=akswtt00300000c;cloudType=Consumer;environment=Prod_eastasia_prod-s01-034-apac-eastasia;migrationStage=NotStarted}
{"logTime": "0103/192933", "correlationVector":"yWBdKeg1Tk6Rwb4kfFmRRH","action":"Commit Request", "result":"", "context":Item count: 3
Contributing types: Preferences, Sessions}
{"logTime": "0103/192934", "correlationVector":"yWBdKeg1Tk6Rwb4kfFmRRH.1","action":"SyncServerConnectionManagerRequest", "result":"SYNC_SERVER_OK", "context":{"environment":"Prod_eastasia_prod-s01-034-apac-eastasia", "migrationStage":"NotStarted", "server":"akswtt00300002p"}}
{"logTime": "0103/192934", "correlationVector":"yWBdKeg1Tk6Rwb4kfFmRRH.2","action":"Commit Response", "result":"Success", "context":Result: Success. cV=yWBdKeg1Tk6Rwb4kfFmRRH.0;server=akswtt00300002p;cloudType=Consumer;environment=Prod_eastasia_prod-s01-034-apac-eastasia;migrationStage=NotStarted}
{"logTime": "0103/192949", "correlationVector":"ClVw56xdeLrf+DJaFm+fvD","action":"Commit Request", "result":"", "context":Item count: 2
Contributing types: Passwords, Sessions}
{"logTime": "0103/192950", "correlationVector":"ClVw56xdeLrf+DJaFm+fvD.1","action":"SyncServerConnectionManagerRequest", "result":"SYNC_SERVER_OK", "context":{"environment":"Prod_eastasia_prod-s01-034-apac-eastasia", "migrationStage":"NotStarted", "server":"akswtt00300001o"}}
{"logTime": "0103/192950", "correlationVector":"ClVw56xdeLrf+DJaFm+fvD.2","action":"Commit Response", "result":"Success", "context":Result: Success. cV=ClVw56xdeLrf+DJaFm+fvD.0;server=akswtt00300001o;cloudType=Consumer;environment=Prod_eastasia_prod-s01-034-apac-eastasia;migrationStage=NotStarted}
{"logTime": "0103/193245", "correlationVector":"Qlkp6NGxcA9UiuppCBF4cm","action":"Commit Request", "result":"", "context":Item count: 1
Contributing types: Sessions}
{"logTime": "0103/193245", "correlationVector":"Qlkp6NGxcA9UiuppCBF4cm.1","action":"SyncServerConnectionManagerRequest", "result":"SYNC_SERVER_OK", "context":{"environment":"Prod_eastasia_prod-s01-034-apac-eastasia", "migrationStage":"NotStarted", "server":"akswtt00300002q"}}
{"logTime": "0103/193245", "correlationVector":"Qlkp6NGxcA9UiuppCBF4cm.2","action":"Commit Response", "result":"Success", "context":Result: Success. cV=Qlkp6NGxcA9UiuppCBF4cm.0;server=akswtt00300002q;cloudType=Consumer;environment=Prod_eastasia_prod-s01-034-apac-eastasia;migrationStage=NotStarted}
{"logTime": "0103/193341", "correlationVector":"VNKX+ukjnGpxhnK3Z4hYtc","action":"Commit Request", "result":"", "context":Item count: 1
Contributing types: Passwords}
{"logTime": "0103/193342", "correlationVector":"VNKX+ukjnGpxhnK3Z4hYtc.1","action":"SyncServerConnectionManagerRequest", "result":"SYNC_SERVER_OK", "context":{"environment":"Prod_eastasia_prod-s01-034-apac-eastasia", "migrationStage":"NotStarted", "server":"akswtt00300003j"}}
{"logTime": "0103/193342", "correlationVector":"VNKX+ukjnGpxhnK3Z4hYtc.2","action":"Commit Response", "result":"Success", "context":Result: Success. cV=VNKX+ukjnGpxhnK3Z4hYtc.0;server=akswtt00300003j;cloudType=Consumer;environment=Prod_eastasia_prod-s01-034-apac-eastasia;migrationStage=NotStarted}
{"logTime": "0103/193629", "correlationVector":"sBf4GGYUP76U3TINRfbx6G","action":"Commit Request", "result":"", "context":Item count: 1
Contributing types: Sessions}
{"logTime": "0103/193630", "correlationVector":"sBf4GGYUP76U3TINRfbx6G.1","action":"SyncServerConnectionManagerRequest", "result":"SYNC_SERVER_OK", "context":{"environment":"Prod_eastasia_prod-s01-034-apac-eastasia", "migrationStage":"NotStarted", "server":"akswtt003000003"}}
{"logTime": "0103/193630", "correlationVector":"sBf4GGYUP76U3TINRfbx6G.2","action":"Commit Response", "result":"Success", "context":Result: Success. cV=sBf4GGYUP76U3TINRfbx6G.0;server=akswtt003000003;cloudType=Consumer;environment=Prod_eastasia_prod-s01-034-apac-eastasia;migrationStage=NotStarted}
{"logTime": "0103/193658", "correlationVector":"dAW/so1ukr8FdaSezeu/ik","action":"Commit Request", "result":"", "context":Item count: 1
Contributing types: Passwords}
{"logTime": "0103/193659", "correlationVector":"dAW/so1ukr8FdaSezeu/ik.1","action":"SyncServerConnectionManagerRequest", "result":"SYNC_SERVER_OK", "context":{"environment":"Prod_eastasia_prod-s01-034-apac-eastasia", "migrationStage":"NotStarted", "server":"akswtt003000036"}}
{"logTime": "0103/193659", "correlationVector":"dAW/so1ukr8FdaSezeu/ik.2","action":"Commit Response", "result":"Success", "context":Result: Success. cV=dAW/so1ukr8FdaSezeu/ik.0;server=akswtt003000036;cloudType=Consumer;environment=Prod_eastasia_prod-s01-034-apac-eastasia;migrationStage=NotStarted}
{"logTime": "0103/193956", "correlationVector":"EiLyVPd/P16zN1mT8KwI25","action":"Commit Request", "result":"", "context":Item count: 1
Contributing types: Sessions}
{"logTime": "0103/193957", "correlationVector":"EiLyVPd/P16zN1mT8KwI25.1","action":"SyncServerConnectionManagerRequest", "result":"SYNC_SERVER_OK", "context":{"environment":"Prod_eastasia_prod-s01-034-apac-eastasia", "migrationStage":"NotStarted", "server":"akswtt003000007"}}
{"logTime": "0103/193957", "correlationVector":"EiLyVPd/P16zN1mT8KwI25.2","action":"Commit Response", "result":"Success", "context":Result: Success. cV=EiLyVPd/P16zN1mT8KwI25.0;server=akswtt003000007;cloudType=Consumer;environment=Prod_eastasia_prod-s01-034-apac-eastasia;migrationStage=NotStarted}
{"logTime": "0103/194013", "correlationVector":"kvVHjWYkXBqv2anBoAGE5O","action":"Commit Request", "result":"", "context":Item count: 1
Contributing types: Passwords}
{"logTime": "0103/194014", "correlationVector":"kvVHjWYkXBqv2anBoAGE5O.1","action":"SyncServerConnectionManagerRequest", "result":"SYNC_SERVER_OK", "context":{"environment":"Prod_eastasia_prod-s01-034-apac-eastasia", "migrationStage":"NotStarted", "server":"akswtt00300002u"}}
{"logTime": "0103/194014", "correlationVector":"kvVHjWYkXBqv2anBoAGE5O.2","action":"Commit Response", "result":"Success", "context":Result: Success. cV=kvVHjWYkXBqv2anBoAGE5O.0;server=akswtt00300002u;cloudType=Consumer;environment=Prod_eastasia_prod-s01-034-apac-eastasia;migrationStage=NotStarted}
{"logTime": "0103/194109", "correlationVector":"Hc2YJOEvFU/NICfZ/51kb7","action":"Commit Request", "result":"", "context":Item count: 1
Contributing types: Sessions}
{"logTime": "0103/194109", "correlationVector":"Hc2YJOEvFU/NICfZ/51kb7.1","action":"SyncServerConnectionManagerRequest", "result":"SYNC_SERVER_OK", "context":{"environment":"Prod_eastasia_prod-s01-034-apac-eastasia", "migrationStage":"NotStarted", "server":"akswtt00300001i"}}
{"logTime": "0103/194109", "correlationVector":"Hc2YJOEvFU/NICfZ/51kb7.2","action":"Commit Response", "result":"Success", "context":Result: Success. cV=Hc2YJOEvFU/NICfZ/51kb7.0;server=akswtt00300001i;cloudType=Consumer;environment=Prod_eastasia_prod-s01-034-apac-eastasia;migrationStage=NotStarted}
{"logTime": "0103/194411", "correlationVector":"c4aMNRsVaMK/FM61VW7wfZ","action":"Commit Request", "result":"", "context":Item count: 2
Contributing types: Passwords, Sessions}
{"logTime": "0103/194412", "correlationVector":"c4aMNRsVaMK/FM61VW7wfZ.1","action":"SyncServerConnectionManagerRequest", "result":"SYNC_SERVER_OK", "context":{"environment":"Prod_eastasia_prod-s01-034-apac-eastasia", "migrationStage":"NotStarted", "server":"akswtt003000008"}}
{"logTime": "0103/194412", "correlationVector":"c4aMNRsVaMK/FM61VW7wfZ.2","action":"Commit Response", "result":"Success", "context":Result: Success. cV=c4aMNRsVaMK/FM61VW7wfZ.0;server=akswtt003000008;cloudType=Consumer;environment=Prod_eastasia_prod-s01-034-apac-eastasia;migrationStage=NotStarted}
{"logTime": "0103/194625", "correlationVector":"f4cAebAOOxbOUmOfHwr7FG","action":"Commit Request", "result":"", "context":Item count: 1
Contributing types: Sessions}
{"logTime": "0103/194625", "correlationVector":"f4cAebAOOxbOUmOfHwr7FG.1","action":"SyncServerConnectionManagerRequest", "result":"SYNC_SERVER_OK", "context":{"environment":"Prod_eastasia_prod-s01-034-apac-eastasia", "migrationStage":"NotStarted", "server":"akswtt00300003q"}}
{"logTime": "0103/194625", "correlationVector":"f4cAebAOOxbOUmOfHwr7FG.2","action":"Commit Response", "result":"Success", "context":Result: Success. cV=f4cAebAOOxbOUmOfHwr7FG.0;server=akswtt00300003q;cloudType=Consumer;environment=Prod_eastasia_prod-s01-034-apac-eastasia;migrationStage=NotStarted}
{"logTime": "0103/194626", "correlationVector":"BX49FfRYrCx1Mr1+bMovUz","action":"Commit Request", "result":"", "context":Item count: 1
Contributing types: Passwords}
{"logTime": "0103/194626", "correlationVector":"BX49FfRYrCx1Mr1+bMovUz.1","action":"SyncServerConnectionManagerRequest", "result":"SYNC_SERVER_OK", "context":{"environment":"Prod_eastasia_prod-s01-034-apac-eastasia", "migrationStage":"NotStarted", "server":"akswtt003000012"}}
{"logTime": "0103/194626", "correlationVector":"BX49FfRYrCx1Mr1+bMovUz.2","action":"Commit Response", "result":"Success", "context":Result: Success. cV=BX49FfRYrCx1Mr1+bMovUz.0;server=akswtt003000012;cloudType=Consumer;environment=Prod_eastasia_prod-s01-034-apac-eastasia;migrationStage=NotStarted}
{"logTime": "0103/195935", "correlationVector":"JrMXdEUHeU2K1m4/hknWd4","action":"Commit Request", "result":"", "context":Item count: 2
Contributing types: Passwords, Sessions}
{"logTime": "0103/195937", "correlationVector":"JrMXdEUHeU2K1m4/hknWd4.1","action":"SyncServerConnectionManagerRequest", "result":"SYNC_SERVER_OK", "context":{"environment":"Prod_eastasia_prod-s01-034-apac-eastasia", "migrationStage":"NotStarted", "server":"akswtt00300000n"}}
{"logTime": "0103/195937", "correlationVector":"JrMXdEUHeU2K1m4/hknWd4.2","action":"Commit Response", "result":"Success", "context":Result: Success. cV=JrMXdEUHeU2K1m4/hknWd4.0;server=akswtt00300000n;cloudType=Consumer;environment=Prod_eastasia_prod-s01-034-apac-eastasia;migrationStage=NotStarted}
{"logTime": "0103/200351", "correlationVector":"4PYd9aUsv8NmfgCk0+8yUp","action":"Commit Request", "result":"", "context":Item count: 1
Contributing types: Sessions}
{"logTime": "0103/200351", "correlationVector":"4PYd9aUsv8NmfgCk0+8yUp.1","action":"SyncServerConnectionManagerRequest", "result":"SYNC_SERVER_OK", "context":{"environment":"Prod_eastasia_prod-s01-034-apac-eastasia", "migrationStage":"NotStarted", "server":"akswtt00300003j"}}
{"logTime": "0103/200351", "correlationVector":"4PYd9aUsv8NmfgCk0+8yUp.2","action":"Commit Response", "result":"Success", "context":Result: Success. cV=4PYd9aUsv8NmfgCk0+8yUp.0;server=akswtt00300003j;cloudType=Consumer;environment=Prod_eastasia_prod-s01-034-apac-eastasia;migrationStage=NotStarted}
{"logTime": "0103/200403", "correlationVector":"Tc5lQdpWxseGejwoBHZ7fv","action":"Commit Request", "result":"", "context":Item count: 1
Contributing types: Passwords}
{"logTime": "0103/200403", "correlationVector":"Tc5lQdpWxseGejwoBHZ7fv.1","action":"SyncServerConnectionManagerRequest", "result":"SYNC_SERVER_OK", "context":{"environment":"Prod_eastasia_prod-s01-034-apac-eastasia", "migrationStage":"NotStarted", "server":"akswtt00300000k"}}
{"logTime": "0103/200403", "correlationVector":"Tc5lQdpWxseGejwoBHZ7fv.2","action":"Commit Response", "result":"Success", "context":Result: Success. cV=Tc5lQdpWxseGejwoBHZ7fv.0;server=akswtt00300000k;cloudType=Consumer;environment=Prod_eastasia_prod-s01-034-apac-eastasia;migrationStage=NotStarted}
{"logTime": "0103/201635", "correlationVector":"0HZMeKCXbbSQ+HV48TEL0M","action":"Commit Request", "result":"", "context":Item count: 1
Contributing types: Sessions}
{"logTime": "0103/201636", "correlationVector":"0HZMeKCXbbSQ+HV48TEL0M.1","action":"SyncServerConnectionManagerRequest", "result":"SYNC_SERVER_OK", "context":{"environment":"Prod_eastasia_prod-s01-034-apac-eastasia", "migrationStage":"NotStarted", "server":"akswtt00300000o"}}
{"logTime": "0103/201636", "correlationVector":"0HZMeKCXbbSQ+HV48TEL0M.2","action":"Commit Response", "result":"Success", "context":Result: Success. cV=0HZMeKCXbbSQ+HV48TEL0M.0;server=akswtt00300000o;cloudType=Consumer;environment=Prod_eastasia_prod-s01-034-apac-eastasia;migrationStage=NotStarted}
{"logTime": "0103/201856", "correlationVector":"MUcXLFQSZedsmeDEM8Yr1Y","action":"Commit Request", "result":"", "context":Item count: 1
Contributing types: Sessions}
{"logTime": "0103/201857", "correlationVector":"MUcXLFQSZedsmeDEM8Yr1Y.1","action":"SyncServerConnectionManagerRequest", "result":"SYNC_SERVER_OK", "context":{"environment":"Prod_eastasia_prod-s01-034-apac-eastasia", "migrationStage":"NotStarted", "server":"akswtt003000027"}}
{"logTime": "0103/201857", "correlationVector":"MUcXLFQSZedsmeDEM8Yr1Y.2","action":"Commit Response", "result":"Success", "context":Result: Success. cV=MUcXLFQSZedsmeDEM8Yr1Y.0;server=akswtt003000027;cloudType=Consumer;environment=Prod_eastasia_prod-s01-034-apac-eastasia;migrationStage=NotStarted}
{"logTime": "0103/201927", "correlationVector":"PnOmI8F4orTG8RphxsdVP3","action":"Commit Request", "result":"", "context":Item count: 1
Contributing types: Sessions}
{"logTime": "0103/201928", "correlationVector":"PnOmI8F4orTG8RphxsdVP3.1","action":"SyncServerConnectionManagerRequest", "result":"SYNC_SERVER_OK", "context":{"environment":"Prod_eastasia_prod-s01-034-apac-eastasia", "migrationStage":"NotStarted", "server":"akswtt00300002m"}}
{"logTime": "0103/201928", "correlationVector":"PnOmI8F4orTG8RphxsdVP3.2","action":"Commit Response", "result":"Success", "context":Result: Success. cV=PnOmI8F4orTG8RphxsdVP3.0;server=akswtt00300002m;cloudType=Consumer;environment=Prod_eastasia_prod-s01-034-apac-eastasia;migrationStage=NotStarted}
{"logTime": "0103/201945", "correlationVector":"7ViAvY6+489K8jSLYYuSdg","action":"Commit Request", "result":"", "context":Item count: 1
Contributing types: Passwords}
{"logTime": "0103/201946", "correlationVector":"7ViAvY6+489K8jSLYYuSdg.1","action":"SyncServerConnectionManagerRequest", "result":"SYNC_SERVER_OK", "context":{"environment":"Prod_eastasia_prod-s01-034-apac-eastasia", "migrationStage":"NotStarted", "server":"akswtt003000001"}}
{"logTime": "0103/201946", "correlationVector":"7ViAvY6+489K8jSLYYuSdg.2","action":"Commit Response", "result":"Success", "context":Result: Success. cV=7ViAvY6+489K8jSLYYuSdg.0;server=akswtt003000001;cloudType=Consumer;environment=Prod_eastasia_prod-s01-034-apac-eastasia;migrationStage=NotStarted}
{"logTime": "0103/202016", "correlationVector":"DZk2oQhfBQSk3LOP6dmodd","action":"Commit Request", "result":"", "context":Item count: 1
Contributing types: Sessions}
{"logTime": "0103/202016", "correlationVector":"DZk2oQhfBQSk3LOP6dmodd.1","action":"SyncServerConnectionManagerRequest", "result":"SYNC_SERVER_OK", "context":{"environment":"Prod_eastasia_prod-s01-034-apac-eastasia", "migrationStage":"NotStarted", "server":"akswtt00300003i"}}
{"logTime": "0103/202016", "correlationVector":"DZk2oQhfBQSk3LOP6dmodd.2","action":"Commit Response", "result":"Success", "context":Result: Success. cV=DZk2oQhfBQSk3LOP6dmodd.0;server=akswtt00300003i;cloudType=Consumer;environment=Prod_eastasia_prod-s01-034-apac-eastasia;migrationStage=NotStarted}
{"logTime": "0103/202221", "correlationVector":"5VCIGEeXn2CpweRn9RDe3V","action":"Commit Request", "result":"", "context":Item count: 2
Contributing types: Passwords, Sessions}
{"logTime": "0103/202222", "correlationVector":"5VCIGEeXn2CpweRn9RDe3V.1","action":"SyncServerConnectionManagerRequest", "result":"SYNC_SERVER_OK", "context":{"environment":"Prod_eastasia_prod-s01-034-apac-eastasia", "migrationStage":"NotStarted", "server":"akswtt003000006"}}
{"logTime": "0103/202222", "correlationVector":"5VCIGEeXn2CpweRn9RDe3V.2","action":"Commit Response", "result":"Success", "context":Result: Success. cV=5VCIGEeXn2CpweRn9RDe3V.0;server=akswtt003000006;cloudType=Consumer;environment=Prod_eastasia_prod-s01-034-apac-eastasia;migrationStage=NotStarted}
{"logTime": "0103/202255", "correlationVector":"1ka2OZGG0v3tT5t6hhBiBy","action":"Commit Request", "result":"", "context":Item count: 1
Contributing types: Sessions}
{"logTime": "0103/202256", "correlationVector":"1ka2OZGG0v3tT5t6hhBiBy.1","action":"SyncServerConnectionManagerRequest", "result":"SYNC_SERVER_OK", "context":{"environment":"Prod_eastasia_prod-s01-034-apac-eastasia", "migrationStage":"NotStarted", "server":"akswtt00300001v"}}
{"logTime": "0103/202256", "correlationVector":"1ka2OZGG0v3tT5t6hhBiBy.2","action":"Commit Response", "result":"Success", "context":Result: Success. cV=1ka2OZGG0v3tT5t6hhBiBy.0;server=akswtt00300001v;cloudType=Consumer;environment=Prod_eastasia_prod-s01-034-apac-eastasia;migrationStage=NotStarted}
{"logTime": "0103/202446", "correlationVector":"xRJJXhz3XB3PnrVKtQcm1D","action":"Commit Request", "result":"", "context":Item count: 1
Contributing types: Passwords}
{"logTime": "0103/202447", "correlationVector":"xRJJXhz3XB3PnrVKtQcm1D.1","action":"SyncServerConnectionManagerRequest", "result":"SYNC_SERVER_OK", "context":{"environment":"Prod_eastasia_prod-s01-034-apac-eastasia", "migrationStage":"NotStarted", "server":"akswtt00300001d"}}
{"logTime": "0103/202447", "correlationVector":"xRJJXhz3XB3PnrVKtQcm1D.2","action":"Commit Response", "result":"Success", "context":Result: Success. cV=xRJJXhz3XB3PnrVKtQcm1D.0;server=akswtt00300001d;cloudType=Consumer;environment=Prod_eastasia_prod-s01-034-apac-eastasia;migrationStage=NotStarted}
{"logTime": "0103/202517", "correlationVector":"L5J30ATilqlf6rt8ZCGfKP","action":"Commit Request", "result":"", "context":Item count: 1
Contributing types: Sessions}
{"logTime": "0103/202518", "correlationVector":"L5J30ATilqlf6rt8ZCGfKP.1","action":"SyncServerConnectionManagerRequest", "result":"SYNC_SERVER_OK", "context":{"environment":"Prod_eastasia_prod-s01-034-apac-eastasia", "migrationStage":"NotStarted", "server":"akswtt00300002b"}}
{"logTime": "0103/202518", "correlationVector":"L5J30ATilqlf6rt8ZCGfKP.2","action":"Commit Response", "result":"Success", "context":Result: Success. cV=L5J30ATilqlf6rt8ZCGfKP.0;server=akswtt00300002b;cloudType=Consumer;environment=Prod_eastasia_prod-s01-034-apac-eastasia;migrationStage=NotStarted}
{"logTime": "0103/202715", "correlationVector":"wv/PZcwBLsXQRA9ynUm4Uz","action":"Commit Request", "result":"", "context":Item count: 1
Contributing types: Passwords}
{"logTime": "0103/202716", "correlationVector":"wv/PZcwBLsXQRA9ynUm4Uz.1","action":"SyncServerConnectionManagerRequest", "result":"SYNC_SERVER_OK", "context":{"environment":"Prod_eastasia_prod-s01-034-apac-eastasia", "migrationStage":"NotStarted", "server":"akswtt00300003j"}}
{"logTime": "0103/202716", "correlationVector":"wv/PZcwBLsXQRA9ynUm4Uz.2","action":"Commit Response", "result":"Success", "context":Result: Success. cV=wv/PZcwBLsXQRA9ynUm4Uz.0;server=akswtt00300003j;cloudType=Consumer;environment=Prod_eastasia_prod-s01-034-apac-eastasia;migrationStage=NotStarted}
{"logTime": "0103/202745", "correlationVector":"hwqH0X8QL1yvsXtM/1zfFi","action":"Commit Request", "result":"", "context":Item count: 2
Contributing types: Passwords, Sessions}
{"logTime": "0103/202746", "correlationVector":"hwqH0X8QL1yvsXtM/1zfFi.1","action":"SyncServerConnectionManagerRequest", "result":"SYNC_SERVER_OK", "context":{"environment":"Prod_eastasia_prod-s01-034-apac-eastasia", "migrationStage":"NotStarted", "server":"akswtt00300000f"}}
{"logTime": "0103/202746", "correlationVector":"hwqH0X8QL1yvsXtM/1zfFi.2","action":"Commit Response", "result":"Success", "context":Result: Success. cV=hwqH0X8QL1yvsXtM/1zfFi.0;server=akswtt00300000f;cloudType=Consumer;environment=Prod_eastasia_prod-s01-034-apac-eastasia;migrationStage=NotStarted}
{"logTime": "0103/203244", "correlationVector":"YJagDrrR097h147tSohba8","action":"Commit Request", "result":"", "context":Item count: 1
Contributing types: Sessions}
{"logTime": "0103/203245", "correlationVector":"YJagDrrR097h147tSohba8.1","action":"SyncServerConnectionManagerRequest", "result":"SYNC_SERVER_OK", "context":{"environment":"Prod_eastasia_prod-s01-034-apac-eastasia", "migrationStage":"NotStarted", "server":"akswtt00300002m"}}
{"logTime": "0103/203245", "correlationVector":"YJagDrrR097h147tSohba8.2","action":"Commit Response", "result":"Success", "context":Result: Success. cV=YJagDrrR097h147tSohba8.0;server=akswtt00300002m;cloudType=Consumer;environment=Prod_eastasia_prod-s01-034-apac-eastasia;migrationStage=NotStarted}
{"logTime": "0103/204323", "correlationVector":"HEnopanJqmOth7wAwcTmos","action":"Commit Request", "result":"", "context":Item count: 2
Contributing types: Passwords, Sessions}
{"logTime": "0103/204324", "correlationVector":"HEnopanJqmOth7wAwcTmos.1","action":"SyncServerConnectionManagerRequest", "result":"SYNC_SERVER_OK", "context":{"environment":"Prod_eastasia_prod-s01-034-apac-eastasia", "migrationStage":"NotStarted", "server":"akswtt003000001"}}
{"logTime": "0103/204324", "correlationVector":"HEnopanJqmOth7wAwcTmos.2","action":"Commit Response", "result":"Success", "context":Result: Success. cV=HEnopanJqmOth7wAwcTmos.0;server=akswtt003000001;cloudType=Consumer;environment=Prod_eastasia_prod-s01-034-apac-eastasia;migrationStage=NotStarted}
{"logTime": "0103/204751", "correlationVector":"GoPqVktGL5ogjw9B2NoyzJ","action":"Commit Request", "result":"", "context":Item count: 1
Contributing types: Sessions}
{"logTime": "0103/204751", "correlationVector":"GoPqVktGL5ogjw9B2NoyzJ.1","action":"SyncServerConnectionManagerRequest", "result":"SYNC_SERVER_OK", "context":{"environment":"Prod_eastasia_prod-s01-034-apac-eastasia", "migrationStage":"NotStarted", "server":"akswtt00300003h"}}
{"logTime": "0103/204751", "correlationVector":"GoPqVktGL5ogjw9B2NoyzJ.2","action":"Commit Response", "result":"Success", "context":Result: Success. cV=GoPqVktGL5ogjw9B2NoyzJ.0;server=akswtt00300003h;cloudType=Consumer;environment=Prod_eastasia_prod-s01-034-apac-eastasia;migrationStage=NotStarted}
{"logTime": "0103/204919", "correlationVector":"c0lEZIA1VeRl3X/jlN7rVi","action":"Commit Request", "result":"", "context":Item count: 2
Contributing types: Passwords, Sessions}
{"logTime": "0103/204920", "correlationVector":"c0lEZIA1VeRl3X/jlN7rVi.1","action":"SyncServerConnectionManagerRequest", "result":"SYNC_SERVER_OK", "context":{"environment":"Prod_eastasia_prod-s01-034-apac-eastasia", "migrationStage":"NotStarted", "server":"akswtt003000016"}}
{"logTime": "0103/204920", "correlationVector":"c0lEZIA1VeRl3X/jlN7rVi.2","action":"Commit Response", "result":"Success", "context":Result: Success. cV=c0lEZIA1VeRl3X/jlN7rVi.0;server=akswtt003000016;cloudType=Consumer;environment=Prod_eastasia_prod-s01-034-apac-eastasia;migrationStage=NotStarted}
{"logTime": "0103/204953", "correlationVector":"fGgUDxabWiQhZo55FMya8v","action":"Commit Request", "result":"", "context":Item count: 1
Contributing types: Sessions}
{"logTime": "0103/204953", "correlationVector":"fGgUDxabWiQhZo55FMya8v.1","action":"SyncServerConnectionManagerRequest", "result":"SYNC_SERVER_OK", "context":{"environment":"Prod_eastasia_prod-s01-034-apac-eastasia", "migrationStage":"NotStarted", "server":"akswtt00300003i"}}
{"logTime": "0103/204953", "correlationVector":"fGgUDxabWiQhZo55FMya8v.2","action":"Commit Response", "result":"Success", "context":Result: Success. cV=fGgUDxabWiQhZo55FMya8v.0;server=akswtt00300003i;cloudType=Consumer;environment=Prod_eastasia_prod-s01-034-apac-eastasia;migrationStage=NotStarted}
{"logTime": "0103/205024", "correlationVector":"Ugcz8fN4ucycMZeTStzJTu","action":"Commit Request", "result":"", "context":Item count: 1
Contributing types: Sessions}
{"logTime": "0103/205025", "correlationVector":"Ugcz8fN4ucycMZeTStzJTu.1","action":"SyncServerConnectionManagerRequest", "result":"SYNC_SERVER_OK", "context":{"environment":"Prod_eastasia_prod-s01-034-apac-eastasia", "migrationStage":"NotStarted", "server":"akswtt003000013"}}
{"logTime": "0103/205025", "correlationVector":"Ugcz8fN4ucycMZeTStzJTu.2","action":"Commit Response", "result":"Success", "context":Result: Success. cV=Ugcz8fN4ucycMZeTStzJTu.0;server=akswtt003000013;cloudType=Consumer;environment=Prod_eastasia_prod-s01-034-apac-eastasia;migrationStage=NotStarted}
{"logTime": "0103/205229", "correlationVector":"9XqQtf7tuoFf7PKWkNf/vi","action":"Commit Request", "result":"", "context":Item count: 2
Contributing types: Passwords, Sessions}
{"logTime": "0103/205230", "correlationVector":"9XqQtf7tuoFf7PKWkNf/vi.1","action":"SyncServerConnectionManagerRequest", "result":"SYNC_SERVER_OK", "context":{"environment":"Prod_eastasia_prod-s01-034-apac-eastasia", "migrationStage":"NotStarted", "server":"akswtt00300001g"}}
{"logTime": "0103/205230", "correlationVector":"9XqQtf7tuoFf7PKWkNf/vi.2","action":"Commit Response", "result":"Success", "context":Result: Success. cV=9XqQtf7tuoFf7PKWkNf/vi.0;server=akswtt00300001g;cloudType=Consumer;environment=Prod_eastasia_prod-s01-034-apac-eastasia;migrationStage=NotStarted}
{"logTime": "0103/205303", "correlationVector":"qMrFtAukoK2uHvORhdrqN3","action":"Commit Request", "result":"", "context":Item count: 1
Contributing types: Sessions}
{"logTime": "0103/205303", "correlationVector":"qMrFtAukoK2uHvORhdrqN3.1","action":"SyncServerConnectionManagerRequest", "result":"SYNC_SERVER_OK", "context":{"environment":"Prod_eastasia_prod-s01-034-apac-eastasia", "migrationStage":"NotStarted", "server":"akswtt00300000d"}}
{"logTime": "0103/205303", "correlationVector":"qMrFtAukoK2uHvORhdrqN3.2","action":"Commit Response", "result":"Success", "context":Result: Success. cV=qMrFtAukoK2uHvORhdrqN3.0;server=akswtt00300000d;cloudType=Consumer;environment=Prod_eastasia_prod-s01-034-apac-eastasia;migrationStage=NotStarted}
{"logTime": "0103/205419", "correlationVector":"WODuvsEco6Dsl3qFzTd/JS","action":"Commit Request", "result":"", "context":Item count: 1
Contributing types: Sessions}
{"logTime": "0103/205420", "correlationVector":"WODuvsEco6Dsl3qFzTd/JS.1","action":"SyncServerConnectionManagerRequest", "result":"SYNC_SERVER_OK", "context":{"environment":"Prod_eastasia_prod-s01-034-apac-eastasia", "migrationStage":"NotStarted", "server":"akswtt00300001p"}}
{"logTime": "0103/205420", "correlationVector":"WODuvsEco6Dsl3qFzTd/JS.2","action":"Commit Response", "result":"Success", "context":Result: Success. cV=WODuvsEco6Dsl3qFzTd/JS.0;server=akswtt00300001p;cloudType=Consumer;environment=Prod_eastasia_prod-s01-034-apac-eastasia;migrationStage=NotStarted}
{"logTime": "0103/211037", "correlationVector":"TW6oTDa/BvRBniC3Gny7TY","action":"Commit Request", "result":"", "context":Item count: 1
Contributing types: Passwords}
{"logTime": "0103/211038", "correlationVector":"TW6oTDa/BvRBniC3Gny7TY.1","action":"SyncServerConnectionManagerRequest", "result":"SYNC_SERVER_OK", "context":{"environment":"Prod_eastasia_prod-s01-034-apac-eastasia", "migrationStage":"NotStarted", "server":"akswtt00300000v"}}
{"logTime": "0103/211038", "correlationVector":"TW6oTDa/BvRBniC3Gny7TY.2","action":"Commit Response", "result":"Success", "context":Result: Success. cV=TW6oTDa/BvRBniC3Gny7TY.0;server=akswtt00300000v;cloudType=Consumer;environment=Prod_eastasia_prod-s01-034-apac-eastasia;migrationStage=NotStarted}
{"logTime": "0103/211108", "correlationVector":"xfFi83RZYRTAFptKyhTcLY","action":"Commit Request", "result":"", "context":Item count: 1
Contributing types: Sessions}
{"logTime": "0103/211109", "correlationVector":"xfFi83RZYRTAFptKyhTcLY.1","action":"SyncServerConnectionManagerRequest", "result":"SYNC_SERVER_OK", "context":{"environment":"Prod_eastasia_prod-s01-034-apac-eastasia", "migrationStage":"NotStarted", "server":"akswtt00300001j"}}
{"logTime": "0103/211109", "correlationVector":"xfFi83RZYRTAFptKyhTcLY.2","action":"Commit Response", "result":"Success", "context":Result: Success. cV=xfFi83RZYRTAFptKyhTcLY.0;server=akswtt00300001j;cloudType=Consumer;environment=Prod_eastasia_prod-s01-034-apac-eastasia;migrationStage=NotStarted}
{"logTime": "0103/211434", "correlationVector":"zSJPsCSa1t2XKIPZy9SWBm","action":"Normal GetUpdate request", "result":"", "context":cV=zSJPsCSa1t2XKIPZy9SWBm
Notified types: Device Info}
{"logTime": "0103/211435", "correlationVector":"zSJPsCSa1t2XKIPZy9SWBm.1","action":"SyncServerConnectionManagerRequest", "result":"SYNC_SERVER_OK", "context":{"environment":"Prod_eastasia_prod-s01-034-apac-eastasia", "migrationStage":"NotStarted", "server":"akswtt00300002y"}}
{"logTime": "0103/211435", "correlationVector":"zSJPsCSa1t2XKIPZy9SWBm.2","action":"GetUpdates Response", "result":"Success", "context":Received 7 update(s). cV=zSJPsCSa1t2XKIPZy9SWBm.0;server=akswtt00300002y;cloudType=Consumer;environment=Prod_eastasia_prod-s01-034-apac-eastasia;migrationStage=NotStarted}
{"logTime": "0103/211653", "correlationVector":"hsNQXZcyYE9I7IynIozi8d","action":"Commit Request", "result":"", "context":Item count: 1
Contributing types: Passwords}
{"logTime": "0103/211654", "correlationVector":"hsNQXZcyYE9I7IynIozi8d.1","action":"SyncServerConnectionManagerRequest", "result":"SYNC_SERVER_OK", "context":{"environment":"Prod_eastasia_prod-s01-034-apac-eastasia", "migrationStage":"NotStarted", "server":"akswtt00300000l"}}
{"logTime": "0103/211654", "correlationVector":"hsNQXZcyYE9I7IynIozi8d.2","action":"Commit Response", "result":"Success", "context":Result: Success. cV=hsNQXZcyYE9I7IynIozi8d.0;server=akswtt00300000l;cloudType=Consumer;environment=Prod_eastasia_prod-s01-034-apac-eastasia;migrationStage=NotStarted}
{"logTime": "0103/211724", "correlationVector":"aINwZO+4HT5g8WDiCfkF20","action":"Commit Request", "result":"", "context":Item count: 1
Contributing types: Sessions}
{"logTime": "0103/211724", "correlationVector":"aINwZO+4HT5g8WDiCfkF20.1","action":"SyncServerConnectionManagerRequest", "result":"SYNC_SERVER_OK", "context":{"environment":"Prod_eastasia_prod-s01-034-apac-eastasia", "migrationStage":"NotStarted", "server":"akswtt00300000a"}}
{"logTime": "0103/211724", "correlationVector":"aINwZO+4HT5g8WDiCfkF20.2","action":"Commit Response", "result":"Success", "context":Result: Success. cV=aINwZO+4HT5g8WDiCfkF20.0;server=akswtt00300000a;cloudType=Consumer;environment=Prod_eastasia_prod-s01-034-apac-eastasia;migrationStage=NotStarted}
{"logTime": "0103/211846", "correlationVector":"h8iEkJhJAzh8yinaJnuuGL","action":"Commit Request", "result":"", "context":Item count: 2
Contributing types: Passwords, Sessions}
{"logTime": "0103/211847", "correlationVector":"h8iEkJhJAzh8yinaJnuuGL.1","action":"SyncServerConnectionManagerRequest", "result":"SYNC_SERVER_OK", "context":{"environment":"Prod_eastasia_prod-s01-034-apac-eastasia", "migrationStage":"NotStarted", "server":"akswtt00300004x"}}
{"logTime": "0103/211847", "correlationVector":"h8iEkJhJAzh8yinaJnuuGL.2","action":"Commit Response", "result":"Success", "context":Result: Success. cV=h8iEkJhJAzh8yinaJnuuGL.0;server=akswtt00300004x;cloudType=Consumer;environment=Prod_eastasia_prod-s01-034-apac-eastasia;migrationStage=NotStarted}
{"logTime": "0103/213024", "correlationVector":"IniINDacUed/713S8QLzMj","action":"Commit Request", "result":"", "context":Item count: 2
Contributing types: Passwords, Sessions}
{"logTime": "0103/213028", "correlationVector":"IniINDacUed/713S8QLzMj.1","action":"SyncServerConnectionManagerRequest", "result":"SYNC_SERVER_OK", "context":{"environment":"Prod_eastasia_prod-s01-034-apac-eastasia", "migrationStage":"NotStarted", "server":"akswtt00300001t"}}
{"logTime": "0103/213028", "correlationVector":"IniINDacUed/713S8QLzMj.2","action":"Commit Response", "result":"Success", "context":Result: Success. cV=IniINDacUed/713S8QLzMj.0;server=akswtt00300001t;cloudType=Consumer;environment=Prod_eastasia_prod-s01-034-apac-eastasia;migrationStage=NotStarted}
